build/app/outputs/mapping/release/seeds.txt
androidx.window.embedding.ExtensionEmbeddingBackend: androidx.window.embedding.ExtensionEmbeddingBackend$EmbeddingCallbackImpl splitInfoEmbeddingCallback
com.google.android.gms.measurement.AppMeasurement$ConditionalUserProperty: java.lang.String mTriggeredEventName
kotlinx.coroutines.scheduling.LimitingDispatcher: int inFlightTasks
androidx.window.layout.SidecarCompat$TranslatingCallback: androidx.window.layout.SidecarCompat this$0
com.google.android.gms.internal.measurement.zzbs$zzk: java.lang.String zze
com.google.android.gms.internal.measurement.zzbs$zzh: int zzd
io.flutter.plugin.editing.ImeSyncDeferringInsetsCallback: int overlayInsetTypes
androidx.window.embedding.SplitPairRule: boolean clearTop
androidx.window.layout.ActivityCompatHelperApi24: androidx.window.layout.ActivityCompatHelperApi24 INSTANCE
com.google.android.gms.internal.measurement.zzbs$zzf: com.google.android.gms.internal.measurement.zzfn zzc
com.google.android.gms.common.api.internal.BasePendingResult: com.google.android.gms.common.api.internal.BasePendingResult$zaa mResultGuardian
androidx.window.embedding.MatcherUtils: java.lang.String sMatchersTag
com.google.android.gms.internal.measurement.zzbs$zzg: boolean zzx
androidx.window.embedding.SplitController: boolean sDebug
com.google.firebase.iid.zzf: android.os.Parcelable$Creator CREATOR
com.google.android.gms.internal.measurement.zzbs$zzc: com.google.android.gms.internal.measurement.zzgz zzj
kotlinx.coroutines.DispatchedCoroutine: int _decision
com.google.android.gms.internal.measurement.zzbs$zzg: int zzc
androidx.window.layout.FoldingFeature$Orientation: androidx.window.layout.FoldingFeature$Orientation HORIZONTAL
com.google.android.gms.internal.measurement.zzbs$zze: long zzf
com.google.android.gms.internal.measurement.zzbq$zzc: int zzc
androidx.window.R$attr: int secondaryActivityAction
androidx.window.java.layout.WindowInfoTrackerCallbackAdapter$addListener$1$1: kotlinx.coroutines.flow.Flow $flow
com.google.android.gms.internal.measurement.zzbk$zze: com.google.android.gms.internal.measurement.zzbk$zze zzj
kotlinx.coroutines.JobSupport$Finishing: int _isCompleting
io.flutter.plugin.platform.SingleViewPresentation: io.flutter.plugin.platform.AccessibilityEventsDelegate accessibilityEventsDelegate
androidx.window.embedding.SplitInfo: androidx.window.embedding.ActivityStack secondaryActivityStack
com.google.android.gms.internal.measurement.zzbs$zzh: com.google.android.gms.internal.measurement.zzbs$zzh zzf
com.google.android.gms.internal.measurement.zzbk$zzb: boolean zzg
com.google.android.gms.internal.measurement.zzbq$zzb: java.lang.String zzj
io.flutter.plugin.editing.ImeSyncDeferringInsetsCallback: android.view.View view
com.google.android.gms.internal.measurement.zzbs$zzj: com.google.android.gms.internal.measurement.zzgz zzg
androidx.window.layout.WindowMetricsCalculator$Companion$reset$1: androidx.window.layout.WindowMetricsCalculator$Companion$reset$1 INSTANCE
com.google.android.gms.internal.measurement.zzbs$zzg: int zzao
kotlin.coroutines.jvm.internal.ContinuationImpl: kotlin.coroutines.CoroutineContext _context
kotlinx.coroutines.internal.LockFreeLinkedListNode: java.lang.Object _prev
com.google.android.gms.internal.measurement.zzbq$zza: int zzc
androidx.window.layout.HardwareFoldingFeature: androidx.window.core.Bounds featureBounds
androidx.window.R$attr: int activityName
com.google.android.gms.internal.measurement.zzbq$zza: boolean zzf
androidx.window.embedding.EmbeddingCompat: androidx.window.embedding.EmbeddingCompat$Companion Companion
com.google.android.gms.internal.measurement.zzbk$zzb: int zzc
androidx.window.layout.SidecarCompat$DistinctSidecarElementCallback: androidx.window.sidecar.SidecarDeviceState lastDeviceState
androidx.window.layout.WindowInfoTrackerImpl: androidx.window.layout.WindowInfoTrackerImpl$Companion Companion
androidx.window.layout.SidecarWindowBackend$WindowLayoutChangeCallbackWrapper: android.app.Activity activity