build/app/outputs/mapping/release/mapping.txt
# compiler: R8
# compiler_version: 3.1.66
# min_api: 21
# pg_map_id: 81735b5
# common_typos_disable
# {"id":"com.android.tools.r8.mapping","version":"1.0"}
...
com.google.android.gms.internal.measurement.zzdy -> com.google.android.gms.internal.measurement.h3:
com.google.android.gms.internal.measurement.zzdz -> com.google.android.gms.internal.measurement.i3:
    int zzd -> j
    int zzc -> i
    int zze() -> A
    byte zza(int) -> j
    int zza() -> k
    byte zzb(int) -> s
com.google.android.gms.internal.measurement.zzea -> com.google.android.gms.internal.measurement.j3:
    byte[] zza(byte[],int,int) -> a
com.google.android.gms.internal.measurement.zzeb -> com.google.android.gms.internal.measurement.k3:
    byte zza() -> a
com.google.android.gms.internal.measurement.zzec -> com.google.android.gms.internal.measurement.l3:
    byte[] zza(byte[],int,int) -> a
com.google.android.gms.internal.measurement.zzed -> com.google.android.gms.internal.measurement.m3:
    boolean zza(com.google.android.gms.internal.measurement.zzdw,int,int) -> z
com.google.android.gms.internal.measurement.zzee -> com.google.android.gms.internal.measurement.n3:
    byte[] zzb -> b
    com.google.android.gms.internal.measurement.zzel zza -> a
    com.google.android.gms.internal.measurement.zzdw zza() -> a
    com.google.android.gms.internal.measurement.zzel zzb() -> b
com.google.android.gms.internal.measurement.zzef -> com.google.android.gms.internal.measurement.o3:
    byte[] zza(byte[],int,int) -> a
com.google.android.gms.internal.measurement.zzeg -> com.google.android.gms.internal.measurement.p3:
    byte[] zzb -> h
    int zze() -> A
    byte zza(int) -> j
    int zza() -> k
    int zza(int,int,int) -> m
    com.google.android.gms.internal.measurement.zzdw zza(int,int) -> n
    java.lang.String zza(java.nio.charset.Charset) -> q
    void zza(com.google.android.gms.internal.measurement.zzdt) -> r
    byte zzb(int) -> s
    boolean zzc() -> x
    boolean zza(com.google.android.gms.internal.measurement.zzdw,int,int) -> z
com.google.android.gms.internal.measurement.zzeh -> com.google.android.gms.internal.measurement.q3:
com.google.android.gms.internal.measurement.zzei -> com.google.android.gms.internal.measurement.r3:
    int zzd -> b
    boolean zze -> c
    int zzb -> a
    long zza(long) -> a
    com.google.android.gms.internal.measurement.zzei zza(byte[],int,int,boolean) -> b
    int zzc(int) -> c
    int zze(int) -> d
    int zzu() -> e
com.google.android.gms.internal.measurement.zzek -> com.google.android.gms.internal.measurement.s3:
    int zzk -> j
    int zzh -> h
    int zzi -> i
    boolean zze -> e
    int zzf -> f
    int zzg -> g
    byte[] zzd -> d
    int zzc(int) -> c
    int zzu() -> e
    void zzz() -> f